Colouring: 
qb0: P	BI	BI	P	BI	BI	BI	G0	G0	G0	G0	G0	G0	G0	G0	G0	G0	G0	G0	G0	G0	
qb1: P	BI	BCX	BI	P	BI	BCX	BI	G0	G0	G0	G0	G0	G0	G0	G0	G0	G0	G0	G0	G0	
qb2: P	BI	BI	BCX	BI	P	BI	BCX	BI	G0	G0	G0	G0	G0	G0	G0	G0	G0	G0	G0	G0	
qb3: P	BI	BI	BI	BCX	BI	P	BI	BCX	BI	G0	G0	G0	G0	G0	G0	G0	G0	G0	G0	G0	
qb4: P	BI	BI	BI	BI	BCX	BI	P	BI	BCX	BI	G0	G0	G0	G0	G0	G0	G0	G0	G0	G0	
qb5: P	BI	BI	BI	BI	BI	BCX	BI	P	BI	BCX	BI	G0	G0	G0	G0	G0	G0	G0	G0	G0	
qb6: P	BI	BI	BI	BI	BI	BI	BCX	BI	P	BI	BCX	BI	G0	G0	G0	G0	G0	G0	G0	G0	
qb7: P	BI	BI	BI	BI	BI	BI	BI	BCX	BI	P	BI	BCX	BI	G0	G0	G0	G0	G0	G0	G0	
qb8: P	BI	BI	BI	BI	BI	BI	BI	BI	BCX	BI	P	BI	BCX	BI	G0	G0	G0	G0	G0	G0	
qb9: P	BI	BI	BI	BI	BI	BI	BI	BI	BI	BCX	BI	P	BI	BCX	BI	G0	G0	G0	G0	G0	
qb10: P	BI	BI	BI	BI	BI	BI	BI	BI	BI	BI	BCX	BI	P	BI	BCX	BI	G0	G0	G0	G0	
qb11: P	BI	BI	BI	BI	BI	BI	BI	BI	BI	BI	BI	BCX	BI	P	BI	BCX	BI	G0	G0	G0	
qb12: P	BI	BI	BI	BI	BI	BI	BI	BI	BI	BI	BI	BI	BCX	BI	P	BI	BCX	BI	G0	G0	
qb13: P	BI	BI	BI	BI	BI	BI	BI	BI	BI	BI	BI	BI	BI	BCX	BI	P	BI	BCX	BI	G0	
qb14: P	BI	BI	BI	BI	BI	BI	BI	BI	BI	BI	BI	BI	BI	BI	BCX	P	BI	BI	BCX	G0	

Circuit: circuits/circuit_196.data
PB_PATHS
L= 22 
NQ= 15 
N= 32768 
< 0 | U | 0 > = 0.003646 + i 0.000606, p=0.000014
2356762681 paths, 585039872 non zero
Time taken is: 977.354646 secs

