Colouring: 
qb0: P	BI	BI	BI	BI	BI	BI	BI	BI	BI	BI	BI	BI	BI	BI	BI	BI	BI	BI	BI	BI	BI	BI	BI	BI	BI	BI	BI	BI	BI	BI	BI	BI	BI	BI	BI	BI	BI	BI	BI	BI	BI	BI	BI	BI	BI	BI	BI	BI	BI	BI	BI	BI	BI	
qb1: P	BI	BI	BI	BI	BI	BI	BI	BI	BI	BI	BI	BI	BI	BI	BI	BI	BI	BI	BI	BI	BI	BI	BI	BI	BI	BI	BI	BI	BI	BI	BI	BI	BI	BI	BI	BI	BI	BI	BI	BI	BI	BI	BI	BI	BI	BI	BI	BI	BI	BI	BI	BI	BI	
qb2: P	BI	BI	BI	BI	BI	BI	BI	BI	BI	BI	BI	BI	BI	BI	BI	BI	BI	BI	BI	BI	BI	BI	BI	BI	BI	BI	BI	BI	BI	BI	BI	BI	BI	BI	BI	BI	BI	BI	BI	BI	BI	BI	BI	BI	BI	BI	BI	BI	BI	BI	BI	BI	G0	
qb3: P	BI	BI	BI	BI	BI	BI	BI	BI	BI	BI	BI	BI	BI	BI	BI	BI	BI	BI	BI	BI	BI	BI	BI	BI	BI	BI	BI	BI	BI	BI	BI	BI	BI	BI	BI	BI	BI	BI	BI	BI	BI	BI	BI	BI	BI	BI	BI	BI	BI	BI	BI	G0	G0	
qb4: P	BI	BI	BI	BI	BI	BI	BI	BI	BI	BI	BI	BI	BI	BI	BI	BI	BI	BI	BI	BI	BI	BI	BI	BI	BI	BI	BI	BI	BI	BI	BI	BI	BI	BI	BI	BI	BI	BI	BI	BI	BI	BI	BI	BI	BI	BI	BI	BI	BI	BI	G0	G0	G0	
qb5: P	BI	BI	BI	BI	BI	BI	BI	BI	BI	BI	BI	BI	BI	BI	BI	BI	BI	BI	BI	BI	BI	BI	BI	BI	BI	BI	BI	BI	BI	BI	BI	BI	BI	BI	BI	BI	BI	BI	BI	BI	BI	BI	BI	BI	BI	BI	BI	BI	BI	G0	G0	G0	G0	
qb6: P	BI	BI	BI	BI	BI	BI	BI	BI	BI	BI	BI	BI	BI	BI	BI	BI	BI	BI	BI	BI	BI	BI	BI	BI	BI	BI	BI	BI	BI	BI	BI	BI	BI	BI	BI	BI	BI	BI	BI	BI	BI	BI	BI	BI	BI	BI	BI	BI	G0	G0	G0	G0	G0	
qb7: P	BI	BI	BI	BI	BI	BI	BI	BI	BI	BI	BI	BI	BI	BI	BI	BI	BI	BI	BI	BI	BI	BI	BI	BI	BI	BI	BI	BI	BI	BI	BI	BI	BI	BI	BI	BI	BI	BI	BI	BI	BI	BI	BI	BI	BI	BI	BI	G0	G0	G0	G0	G0	G0	
qb8: P	BI	BI	BI	BI	BI	BI	BI	BI	BI	BI	BI	BI	BI	BI	BI	BI	BI	BI	BI	BI	BI	BI	BI	BI	BI	BI	BI	BI	BI	BI	BI	BI	BI	BI	BI	BI	BI	BI	BI	BI	BI	BI	BI	BI	BI	BI	G0	G0	G0	G0	G0	G0	G0	
qb9: P	BI	BI	BI	BI	BI	BI	BI	BI	BI	BI	BI	BI	BI	BI	BI	BI	BI	BI	BI	BI	BI	BI	BI	BI	BI	BI	BI	BI	BI	BI	BI	BI	BI	BI	BI	BI	BI	BI	BI	BI	BI	BI	BI	BI	BI	G0	G0	G0	G0	G0	G0	G0	G0	
qb10: P	BI	BI	BI	BI	BI	BI	BI	BI	BI	BI	BI	BI	BI	BI	BI	BI	BI	BI	BI	BI	BI	BI	BI	BI	BI	BI	BI	BI	BI	BI	BI	BI	BI	BI	BI	BI	BI	BI	BI	BI	BI	BI	BI	BI	G0	G0	G0	G0	G0	G0	G0	G0	G0	
qb11: P	BI	BI	BI	BI	BI	BI	BI	BI	BI	BI	BI	BI	BI	BI	BI	BI	BI	BI	BI	BI	BI	BI	BI	BI	BI	BI	BI	BI	BI	BI	BI	BI	BI	BI	BI	BI	BI	BI	BI	BI	BI	BI	BI	G0	G0	G0	G0	G0	G0	G0	G0	G0	G0	
qb12: P	BI	BI	BI	BI	BI	BI	BI	BI	BI	BI	BI	BI	BI	BI	BI	BI	BI	BI	BI	BI	BI	BI	BI	BI	BI	BI	BI	BI	BI	BI	BI	BI	BI	BI	BI	BI	BI	BI	BI	BI	BI	BI	G0	G0	G0	G0	G0	G0	G0	G0	G0	G0	G0	
qb13: P	BI	BI	BI	BI	BI	BI	BI	BI	BI	BI	BI	BI	BI	BI	BI	BI	BI	BI	BI	BI	BI	BI	BI	BI	BI	BI	BI	BI	BI	BI	BI	BI	BI	BI	BI	BI	BI	BI	BI	BI	BI	G0	G0	G0	G0	G0	G0	G0	G0	G0	G0	G0	G0	
qb14: P	BI	BI	BI	BI	BI	BI	BI	BI	BI	BI	BI	BI	BI	BI	BI	BI	BI	BI	BI	BI	BI	BI	BI	BI	BI	BI	BI	BI	BI	BI	BI	BI	BI	BI	BI	BI	BI	BI	BI	BI	G0	G0	G0	G0	G0	G0	G0	G0	G0	G0	G0	G0	G0	

Circuit: circuits/circuit_2015.data
PB_PATHS
L= 55 
NQ= 15 
N= 32768 
< 0 | U | 0 > = -0.001282 + i -0.000086, p=0.000002
1753050 paths, 32768 non zero
Time taken is: 10.882420 secs

