Colouring: 
qb0: P	BI	BI	BI	P	BI	P	BI	BCX	BCX	BCX	G0	G0	G0	
qb1: G0	BCX	P	BI	BI	BI	BI	P	BI	BI	BCX	P	BI	G0	
qb2: P	BI	BI	BI	P	BI	BCX	P	BI	P	BI	BCX	G0	G0	
qb3: G0	G0	P	BI	BI	BI	BI	BI	BCX	G0	G0	G0	G0	G0	
qb4: G0	BCX	P	BI	BI	BI	BI	BI	BI	BI	BI	BCX	BCX	G0	
qb5: G0	BCX	P	BCX	BI	BCX	P	BI	BI	BI	P	BCX	G0	G0	
qb6: P	BI	P	BCX	P	BI	P	BCX	P	BI	BI	BI	BI	BCX	
qb7: G0	G0	G0	G0	G0	G0	G0	G0	G0	G0	G0	G0	G0	G0	
qb8: P	BI	P	BCX	BCX	P	BI	P	BCX	G0	G0	G0	G0	G0	
qb9: G0	G0	G0	G0	G0	G0	G0	G0	G0	G0	G0	G0	G0	G0	
qb10: P	BI	BI	BCX	P	BI	BI	P	BCX	P	BI	BI	G0	G0	
qb11: P	BI	BI	P	BCX	G0	G0	G0	G0	G0	G0	G0	G0	G0	

Circuit: circuits/circuit_512.data
PB_PATHS
L= 15 
NQ= 12 
N= 4096 
< 0 | U | 0 > = 0.000000 + i -0.000000, p=0.000000
3435339251 paths, 1073741824 non zero
Time taken is: 1456.575648 secs

